0 info it worked if it ends with ok
1 verbose cli [ '/usr/bin/nodejs', '/usr/bin/npm', 'install', '-g', 'marked' ]
2 info using npm@3.8.3
3 info using node@v5.10.1
4 silly loadCurrentTree Starting
5 silly install loadCurrentTree
6 silly install readGlobalPackageData
7 silly fetchPackageMetaData marked
8 silly fetchNamedPackageData marked
9 silly mapToRegistry name marked
10 silly mapToRegistry using default registry
11 silly mapToRegistry registry https://registry.npmjs.org/
12 silly mapToRegistry data Result {
12 silly mapToRegistry   raw: 'marked',
12 silly mapToRegistry   scope: null,
12 silly mapToRegistry   name: 'marked',
12 silly mapToRegistry   rawSpec: '',
12 silly mapToRegistry   spec: 'latest',
12 silly mapToRegistry   type: 'tag' }
13 silly mapToRegistry uri https://registry.npmjs.org/marked
14 verbose get https://registry.npmjs.org/marked not expired, no request
15 silly install normalizeTree
16 silly loadCurrentTree Finishing
17 silly loadIdealTree Starting
18 silly install loadIdealTree
19 silly cloneCurrentTree Starting
20 silly install cloneCurrentTreeToIdealTree
21 silly cloneCurrentTree Finishing
22 silly loadShrinkwrap Starting
23 silly install loadShrinkwrap
24 silly loadShrinkwrap Finishing
25 silly loadAllDepsIntoIdealTree Starting
26 silly install loadAllDepsIntoIdealTree
27 silly resolveWithNewModule marked@0.3.5 checking installable status
28 silly cache add args [ 'marked', null ]
29 verbose cache add spec marked
30 silly cache add parsed spec Result {
30 silly cache add   raw: 'marked',
30 silly cache add   scope: null,
30 silly cache add   name: 'marked',
30 silly cache add   rawSpec: '',
30 silly cache add   spec: 'latest',
30 silly cache add   type: 'tag' }
31 silly addNamed marked@latest
32 verbose addNamed "latest" is being treated as a dist-tag for marked
33 info addNameTag [ 'marked', 'latest' ]
34 silly mapToRegistry name marked
35 silly mapToRegistry using default registry
36 silly mapToRegistry registry https://registry.npmjs.org/
37 silly mapToRegistry data Result {
37 silly mapToRegistry   raw: 'marked',
37 silly mapToRegistry   scope: null,
37 silly mapToRegistry   name: 'marked',
37 silly mapToRegistry   rawSpec: '',
37 silly mapToRegistry   spec: 'latest',
37 silly mapToRegistry   type: 'tag' }
38 silly mapToRegistry uri https://registry.npmjs.org/marked
39 verbose addNameTag registry:https://registry.npmjs.org/marked not in flight; fetching
40 verbose get https://registry.npmjs.org/marked not expired, no request
41 silly addNameTag next cb for marked with tag latest
42 silly addNamed marked@0.3.5
43 verbose addNamed "0.3.5" is a plain semver version for marked
44 silly cache afterAdd marked@0.3.5
45 verbose afterAdd /home/semere/.npm/marked/0.3.5/package/package.json not in flight; writing
46 verbose correctMkdir /home/semere/.npm correctMkdir not in flight; initializing
47 verbose afterAdd /home/semere/.npm/marked/0.3.5/package/package.json written
48 silly loadAllDepsIntoIdealTree Finishing
49 silly idealTree:prePrune lib
49 silly idealTree:prePrune └── marked@0.3.5
50 silly loadIdealTree Finishing
51 silly currentTree lib
52 silly idealTree lib
52 silly idealTree └── marked@0.3.5
53 silly generateActionsToTake Starting
54 silly install generateActionsToTake
55 warn checkPermissions Missing write access to /usr/lib/node_modules
56 silly rollbackFailedOptional Starting
57 silly rollbackFailedOptional Finishing
58 silly runTopLevelLifecycles Starting
59 silly runTopLevelLifecycles Finishing
60 silly install printInstalled
61 verbose stack Error: EACCES: permission denied, access '/usr/lib/node_modules'
61 verbose stack     at Error (native)
62 verbose cwd /home/semere/bsemere/react-md-editor
63 error Linux 3.19.0-58-generic
64 error argv "/usr/bin/nodejs" "/usr/bin/npm" "install" "-g" "marked"
65 error node v5.10.1
66 error npm  v3.8.3
67 error path /usr/lib/node_modules
68 error code EACCES
69 error errno -13
70 error syscall access
71 error Error: EACCES: permission denied, access '/usr/lib/node_modules'
71 error     at Error (native)
71 error  { [Error: EACCES: permission denied, access '/usr/lib/node_modules']
71 error   errno: -13,
71 error   code: 'EACCES',
71 error   syscall: 'access',
71 error   path: '/usr/lib/node_modules' }
72 error Please try running this command again as root/Administrator.
73 verbose exit [ -13, true ]
